#
# There is insufficient memory for the Java Runtime Environment to continue.
# Native memory allocation (mmap) failed to map 310378496 bytes for committing reserved memory.
# Possible reasons:
#   The system is out of physical RAM or swap space
#   In 32 bit mode, the process size limit was hit
# Possible solutions:
#   Reduce memory load on the system
#   Increase physical memory or swap space
#   Check if swap backing store is full
#   Use 64 bit Java on a 64 bit OS
#   Decrease Java heap size (-Xmx/-Xms)
#   Decrease number of Java threads
#   Decrease Java thread stack sizes (-Xss)
#   Set larger code cache with -XX:ReservedCodeCacheSize=
# This output file may be truncated or incomplete.
#
#  Out of Memory Error (os_linux.cpp:2640), pid=18647, tid=0x00007f26c76f6700
#
# JRE version: OpenJDK Runtime Environment (8.0_144-b01) (build 1.8.0_144-b01)
# Java VM: OpenJDK 64-Bit Server VM (25.144-b01 mixed mode linux-amd64 compressed oops)
# Core dump written. Default location: /home/j3s/Repository/distribuidos/No borrar Primera version/ServiceNews/core or core.18647
#

---------------  T H R E A D  ---------------

Current thread (0x00007f26e807b800):  VMThread [stack: 0x00007f26c75f6000,0x00007f26c76f7000] [id=18656]

Stack: [0x00007f26c75f6000,0x00007f26c76f7000],  sp=0x00007f26c76f5450,  free space=1021k
Native frames: (J=compiled Java code, j=interpreted, Vv=VM code, C=native code)
V  [libjvm.so+0xaa3d82]
V  [libjvm.so+0x4d85e7]
V  [libjvm.so+0x8e0be0]
V  [libjvm.so+0x8db29e]
V  [libjvm.so+0x95af06]
V  [libjvm.so+0x949b7a]
V  [libjvm.so+0x949d48]
V  [libjvm.so+0x94a950]
V  [libjvm.so+0x950cec]
V  [libjvm.so+0x958dd5]
V  [libjvm.so+0x907808]
V  [libjvm.so+0xaa59e2]
V  [libjvm.so+0xaaaa76]
V  [libjvm.so+0xaa82a1]
V  [libjvm.so+0xaa9743]
V  [libjvm.so+0xaa9b27]
V  [libjvm.so+0x8de152]

VM_Operation (0x00007f268a23f3f0): ParallelGCFailedAllocation, mode: safepoint, requested by thread 0x00007f26e8a92000


---------------  P R O C E S S  ---------------

Java Threads: ( => current thread )
  0x00007f2664001800 JavaThread "DiscoveryClient-HeartbeatExecutor-0" daemon [_thread_blocked, id=18719, stack(0x00007f26c4645000,0x00007f26c4746000)]
  0x00007f2670001800 JavaThread "DiscoveryClient-CacheRefreshExecutor-0" daemon [_thread_blocked, id=18718, stack(0x00007f26c6699000,0x00007f26c679a000)]
  0x00007f26e800e800 JavaThread "DestroyJavaVM" [_thread_blocked, id=18651, stack(0x00007f26efb98000,0x00007f26efc99000)]
  0x00007f26e910a800 JavaThread "http-nio-2222-AsyncTimeout" daemon [_thread_blocked, id=18700, stack(0x00007f2689738000,0x00007f2689839000)]
  0x00007f26e9187800 JavaThread "http-nio-2222-Acceptor-0" daemon [_thread_in_native, id=18699, stack(0x00007f2689839000,0x00007f268993a000)]
  0x00007f26e9172800 JavaThread "http-nio-2222-ClientPoller-1" daemon [_thread_blocked, id=18698, stack(0x00007f268993a000,0x00007f2689a3b000)]
  0x00007f26e9171800 JavaThread "http-nio-2222-ClientPoller-0" daemon [_thread_blocked, id=18697, stack(0x00007f2689a3b000,0x00007f2689b3c000)]
  0x00007f26e9108000 JavaThread "http-nio-2222-exec-10" daemon [_thread_blocked, id=18696, stack(0x00007f2689b3c000,0x00007f2689c3d000)]
  0x00007f26e8e8a000 JavaThread "http-nio-2222-exec-9" daemon [_thread_blocked, id=18695, stack(0x00007f2689c3d000,0x00007f2689d3e000)]
  0x00007f26e8e88000 JavaThread "http-nio-2222-exec-8" daemon [_thread_blocked, id=18694, stack(0x00007f2689d3e000,0x00007f2689e3f000)]
  0x00007f26e8e86000 JavaThread "http-nio-2222-exec-7" daemon [_thread_blocked, id=18693, stack(0x00007f2689e3f000,0x00007f2689f40000)]
  0x00007f26e8e84000 JavaThread "http-nio-2222-exec-6" daemon [_thread_blocked, id=18692, stack(0x00007f2689f40000,0x00007f268a041000)]
  0x00007f26e8a93800 JavaThread "http-nio-2222-exec-5" daemon [_thread_blocked, id=18691, stack(0x00007f268a041000,0x00007f268a142000)]
  0x00007f26e8a92000 JavaThread "http-nio-2222-exec-4" daemon [_thread_blocked, id=18690, stack(0x00007f268a142000,0x00007f268a243000)]
  0x00007f26e8a90800 JavaThread "http-nio-2222-exec-3" daemon [_thread_blocked, id=18689, stack(0x00007f268a243000,0x00007f268a344000)]
  0x00007f26e8a8e800 JavaThread "http-nio-2222-exec-2" daemon [_thread_blocked, id=18688, stack(0x00007f268a344000,0x00007f268a445000)]
  0x00007f26e8a8d000 JavaThread "http-nio-2222-exec-1" daemon [_thread_blocked, id=18687, stack(0x00007f268a445000,0x00007f268a546000)]
  0x00007f26e93c0000 JavaThread "NioBlockingSelector.BlockPoller-1" daemon [_thread_blocked, id=18686, stack(0x00007f268a546000,0x00007f268a647000)]
  0x00007f26e938d800 JavaThread "DiscoveryClient-InstanceInfoReplicator-0" daemon [_thread_blocked, id=18685, stack(0x00007f268a847000,0x00007f268a948000)]
  0x00007f26e938a800 JavaThread "DiscoveryClient-1" daemon [_thread_blocked, id=18684, stack(0x00007f268a948000,0x00007f268aa49000)]
  0x00007f26e937d000 JavaThread "DiscoveryClient-0" daemon [_thread_blocked, id=18683, stack(0x00007f268aa49000,0x00007f268ab4a000)]
  0x00007f26e9335800 JavaThread "AsyncResolver-bootstrap-0" daemon [_thread_blocked, id=18682, stack(0x00007f268ade3000,0x00007f268aee4000)]
  0x00007f26e931b800 JavaThread "Eureka-JerseyClient-Conn-Cleaner2" daemon [_thread_blocked, id=18681, stack(0x00007f268aee4000,0x00007f268afe5000)]
  0x00007f26e931a800 JavaThread "Eureka-JerseyClient-Conn-Cleaner2" daemon [_thread_blocked, id=18680, stack(0x00007f268afe5000,0x00007f268b0e6000)]
  0x00007f26e9178800 JavaThread "spring.cloud.inetutils" daemon [_thread_blocked, id=18679, stack(0x00007f268b6e6000,0x00007f268b7e7000)]
  0x00007f26e87db000 JavaThread "pool-2-thread-1" daemon [_thread_blocked, id=18677, stack(0x00007f268bbe7000,0x00007f268bce8000)]
  0x00007f26e87d7800 JavaThread "cluster-ClusterId{value='5a5439f85f188c48d7e8d5a6', description='null'}-localhost:27017" daemon [_thread_blocked, id=18676, stack(0x00007f268bce8000,0x00007f268bde9000)]
  0x00007f26e886f800 JavaThread "container-0" [_thread_blocked, id=18675, stack(0x00007f26c4443000,0x00007f26c4544000)]
  0x00007f26e886d000 JavaThread "ContainerBackgroundProcessor[StandardEngine[Tomcat]]" daemon [_thread_blocked, id=18674, stack(0x00007f26c4544000,0x00007f26c4645000)]
  0x00007f26e80c3800 JavaThread "Service Thread" daemon [_thread_blocked, id=18663, stack(0x00007f26c6d54000,0x00007f26c6e55000)]
  0x00007f26e80c0800 JavaThread "C1 CompilerThread2" daemon [_thread_blocked, id=18662, stack(0x00007f26c6e55000,0x00007f26c6f56000)]
  0x00007f26e80be800 JavaThread "C2 CompilerThread1" daemon [_thread_blocked, id=18661, stack(0x00007f26c6f56000,0x00007f26c7057000)]
  0x00007f26e80bc000 JavaThread "C2 CompilerThread0" daemon [_thread_blocked, id=18660, stack(0x00007f26c7057000,0x00007f26c7158000)]
  0x00007f26e80ba000 JavaThread "Signal Dispatcher" daemon [_thread_blocked, id=18659, stack(0x00007f26c7158000,0x00007f26c7259000)]
  0x00007f26e8088000 JavaThread "Finalizer" daemon [_thread_blocked, id=18658, stack(0x00007f26c73f4000,0x00007f26c74f5000)]
  0x00007f26e8083800 JavaThread "Reference Handler" daemon [_thread_blocked, id=18657, stack(0x00007f26c74f5000,0x00007f26c75f6000)]

Other Threads:
=>0x00007f26e807b800 VMThread [stack: 0x00007f26c75f6000,0x00007f26c76f7000] [id=18656]
  0x00007f26e80c6000 WatcherThread [stack: 0x00007f26c6c53000,0x00007f26c6d54000] [id=18664]

VM state:at safepoint (normal execution)

VM Mutex/Monitor currently owned by a thread:  ([mutex/lock_event])
[0x00007f26e800b730] ExpandHeap_lock - owner thread: 0x00007f26e807b800
[0x00007f26e800bdb0] Threads_lock - owner thread: 0x00007f26e807b800
[0x00007f26e800c2b0] Heap_lock - owner thread: 0x00007f26e8a92000

Heap:
 PSYoungGen      total 475648K, used 0K [0x00000000d6d80000, 0x00000000ffc80000, 0x0000000100000000)
  eden space 276992K, 0% used [0x00000000d6d80000,0x00000000d6d80000,0x00000000e7c00000)
  from space 198656K, 0% used [0x00000000e7c00000,0x00000000e7c00000,0x00000000f3e00000)
  to   space 192000K, 0% used [0x00000000f4100000,0x00000000f4100000,0x00000000ffc80000)
 ParOldGen       total 852480K, used 614183K [0x0000000084800000, 0x00000000b8880000, 0x00000000d6d80000)
  object space 852480K, 72% used [0x0000000084800000,0x00000000a9fc9f68,0x00000000b8880000)
 Metaspace       used 46509K, capacity 47032K, committed 47488K, reserved 1091584K
  class space    used 5838K, capacity 6007K, committed 6016K, reserved 1048576K

Card table byte_map: [0x00007f26ec9ea000,0x00007f26ecdc7000] byte_map_base: 0x00007f26ec5c6000

Marking Bits: (ParMarkBitMap*) 0x00007f26eeea8120
 Begin Bits: [0x00007f26d5240000, 0x00007f26d7120000)
 End Bits:   [0x00007f26d7120000, 0x00007f26d9000000)

Polling page: 0x00007f26efce6000

CodeCache: size=245760Kb used=15624Kb max_used=15864Kb free=230135Kb
 bounds [0x00007f26d9000000, 0x00007f26d9fa0000, 0x00007f26e8000000]
 total_blobs=5006 nmethods=4533 adapters=387
 compilation: enabled

Compilation events (10 events):
Event: 54.427 Thread 0x00007f26e80c0800 5365       3       org.bson.BsonElement::<init> (15 bytes)
Event: 54.427 Thread 0x00007f26e80c0800 nmethod 5365 0x00007f26d921b690 code [0x00007f26d921b800, 0x00007f26d921b9d0]
Event: 54.929 Thread 0x00007f26e80c0800 5366   !   3       sun.nio.ch.SelectorImpl::processDeregisterQueue (101 bytes)
Event: 54.930 Thread 0x00007f26e80c0800 nmethod 5366 0x00007f26d9f79a50 code [0x00007f26d9f79c80, 0x00007f26d9f7a818]
Event: 55.956 Thread 0x00007f26e80c0800 5367       1       sun.nio.ch.EPollArrayWrapper::interrupted (5 bytes)
Event: 55.956 Thread 0x00007f26e80c0800 nmethod 5367 0x00007f26d9f73290 code [0x00007f26d9f733e0, 0x00007f26d9f734f0]
Event: 55.957 Thread 0x00007f26e80c0800 5368       1       org.apache.tomcat.util.net.NioEndpoint$NioSocketWrapper::interestOps (5 bytes)
Event: 55.957 Thread 0x00007f26e80c0800 nmethod 5368 0x00007f26d938f490 code [0x00007f26d938f5e0, 0x00007f26d938f6f0]
Event: 56.394 Thread 0x00007f26e80c0800 5369       3       org.bson.BsonDocument::containsKey (11 bytes)
Event: 56.395 Thread 0x00007f26e80c0800 nmethod 5369 0x00007f26d9363d10 code [0x00007f26d9363e80, 0x00007f26d93640a8]

GC Heap History (10 events):
Event: 55.649 GC heap after
Heap after GC invocations=59 (full 11):
 PSYoungGen      total 510464K, used 107648K [0x00000000d6d80000, 0x0000000100000000, 0x0000000100000000)
  eden space 355328K, 0% used [0x00000000d6d80000,0x00000000d6d80000,0x00000000ec880000)
  from space 155136K, 69% used [0x00000000ec880000,0x00000000f31a0020,0x00000000f6000000)
  to   space 159744K, 0% used [0x00000000f6400000,0x00000000f6400000,0x0000000100000000)
 ParOldGen       total 852480K, used 589351K [0x0000000084800000, 0x00000000b8880000, 0x00000000d6d80000)
  object space 852480K, 69% used [0x0000000084800000,0x00000000a8789d50,0x00000000b8880000)
 Metaspace       used 46509K, capacity 47032K, committed 47488K, reserved 1091584K
  class space    used 5838K, capacity 6007K, committed 6016K, reserved 1048576K
}
Event: 55.903 GC heap before
{Heap before GC invocations=60 (full 11):
 PSYoungGen      total 510464K, used 398984K [0x00000000d6d80000, 0x0000000100000000, 0x0000000100000000)
  eden space 355328K, 81% used [0x00000000d6d80000,0x00000000e8a01fe0,0x00000000ec880000)
  from space 155136K, 69% used [0x00000000ec880000,0x00000000f31a0020,0x00000000f6000000)
  to   space 159744K, 0% used [0x00000000f6400000,0x00000000f6400000,0x0000000100000000)
 ParOldGen       total 852480K, used 589351K [0x0000000084800000, 0x00000000b8880000, 0x00000000d6d80000)
  object space 852480K, 69% used [0x0000000084800000,0x00000000a8789d50,0x00000000b8880000)
 Metaspace       used 46509K, capacity 47032K, committed 47488K, reserved 1091584K
  class space    used 5838K, capacity 6007K, committed 6016K, reserved 1048576K
Event: 55.954 GC heap after
Heap after GC invocations=60 (full 11):
 PSYoungGen      total 481792K, used 142464K [0x00000000d6d80000, 0x0000000100000000, 0x0000000100000000)
  eden space 322048K, 0% used [0x00000000d6d80000,0x00000000d6d80000,0x00000000ea800000)
  from space 159744K, 89% used [0x00000000f6400000,0x00000000fef20020,0x0000000100000000)
  to   space 176128K, 0% used [0x00000000ea800000,0x00000000ea800000,0x00000000f5400000)
 ParOldGen       total 852480K, used 624167K [0x0000000084800000, 0x00000000b8880000, 0x00000000d6d80000)
  object space 852480K, 73% used [0x0000000084800000,0x00000000aa989d60,0x00000000b8880000)
 Metaspace       used 46509K, capacity 47032K, committed 47488K, reserved 1091584K
  class space    used 5838K, capacity 6007K, committed 6016K, reserved 1048576K
}
Event: 56.136 GC heap before
{Heap before GC invocations=61 (full 11):
 PSYoungGen      total 481792K, used 464512K [0x00000000d6d80000, 0x0000000100000000, 0x0000000100000000)
  eden space 322048K, 100% used [0x00000000d6d80000,0x00000000ea800000,0x00000000ea800000)
  from space 159744K, 89% used [0x00000000f6400000,0x00000000fef20020,0x0000000100000000)
  to   space 176128K, 0% used [0x00000000ea800000,0x00000000ea800000,0x00000000f5400000)
 ParOldGen       total 852480K, used 624167K [0x0000000084800000, 0x00000000b8880000, 0x00000000d6d80000)
  object space 852480K, 73% used [0x0000000084800000,0x00000000aa989d60,0x00000000b8880000)
 Metaspace       used 46509K, capacity 47032K, committed 47488K, reserved 1091584K
  class space    used 5838K, capacity 6007K, committed 6016K, reserved 1048576K
Event: 56.160 GC heap after
Heap after GC invocations=61 (full 11):
 PSYoungGen      total 464896K, used 142464K [0x00000000d6d80000, 0x0000000100000000, 0x0000000100000000)
  eden space 322048K, 0% used [0x00000000d6d80000,0x00000000d6d80000,0x00000000ea800000)
  from space 142848K, 99% used [0x00000000ea800000,0x00000000f3320010,0x00000000f3380000)
  to   space 188928K, 0% used [0x00000000f4780000,0x00000000f4780000,0x0000000100000000)
 ParOldGen       total 852480K, used 624167K [0x0000000084800000, 0x00000000b8880000, 0x00000000d6d80000)
  object space 852480K, 73% used [0x0000000084800000,0x00000000aa989d60,0x00000000b8880000)
 Metaspace       used 46509K, capacity 47032K, committed 47488K, reserved 1091584K
  class space    used 5838K, capacity 6007K, committed 6016K, reserved 1048576K
}
Event: 56.476 GC heap before
{Heap before GC invocations=62 (full 11):
 PSYoungGen      total 464896K, used 464512K [0x00000000d6d80000, 0x0000000100000000, 0x0000000100000000)
  eden space 322048K, 100% used [0x00000000d6d80000,0x00000000ea800000,0x00000000ea800000)
  from space 142848K, 99% used [0x00000000ea800000,0x00000000f3320010,0x00000000f3380000)
  to   space 188928K, 0% used [0x00000000f4780000,0x00000000f4780000,0x0000000100000000)
 ParOldGen       total 852480K, used 624167K [0x0000000084800000, 0x00000000b8880000, 0x00000000d6d80000)
  object space 852480K, 73% used [0x0000000084800000,0x00000000aa989d60,0x00000000b8880000)
 Metaspace       used 46509K, capacity 47032K, committed 47488K, reserved 1091584K
  class space    used 5838K, capacity 6007K, committed 6016K, reserved 1048576K
Event: 56.501 GC heap after
Heap after GC invocations=62 (full 11):
 PSYoungGen      total 465920K, used 142464K [0x00000000d6d80000, 0x0000000100000000, 0x0000000100000000)
  eden space 276992K, 0% used [0x00000000d6d80000,0x00000000d6d80000,0x00000000e7c00000)
  from space 188928K, 75% used [0x00000000f4780000,0x00000000fd2a0010,0x0000000100000000)
  to   space 198656K, 0% used [0x00000000e7c00000,0x00000000e7c00000,0x00000000f3e00000)
 ParOldGen       total 852480K, used 624167K [0x0000000084800000, 0x00000000b8880000, 0x00000000d6d80000)
  object space 852480K, 73% used [0x0000000084800000,0x00000000aa989d60,0x00000000b8880000)
 Metaspace       used 46509K, capacity 47032K, committed 47488K, reserved 1091584K
  class space    used 5838K, capacity 6007K, committed 6016K, reserved 1048576K
}
Event: 56.693 GC heap before
{Heap before GC invocations=63 (full 11):
 PSYoungGen      total 465920K, used 419456K [0x00000000d6d80000, 0x0000000100000000, 0x0000000100000000)
  eden space 276992K, 100% used [0x00000000d6d80000,0x00000000e7c00000,0x00000000e7c00000)
  from space 188928K, 75% used [0x00000000f4780000,0x00000000fd2a0010,0x0000000100000000)
  to   space 198656K, 0% used [0x00000000e7c00000,0x00000000e7c00000,0x00000000f3e00000)
 ParOldGen       total 852480K, used 624167K [0x0000000084800000, 0x00000000b8880000, 0x00000000d6d80000)
  object space 852480K, 73% used [0x0000000084800000,0x00000000aa989d60,0x00000000b8880000)
 Metaspace       used 46509K, capacity 47032K, committed 47488K, reserved 1091584K
  class space    used 5838K, capacity 6007K, committed 6016K, reserved 1048576K
Event: 56.731 GC heap after
Heap after GC invocations=63 (full 11):
 PSYoungGen      total 475648K, used 72864K [0x00000000d6d80000, 0x00000000ffc80000, 0x0000000100000000)
  eden space 276992K, 0% used [0x00000000d6d80000,0x00000000d6d80000,0x00000000e7c00000)
  from space 198656K, 36% used [0x00000000e7c00000,0x00000000ec328010,0x00000000f3e00000)
  to   space 192000K, 0% used [0x00000000f4100000,0x00000000f4100000,0x00000000ffc80000)
 ParOldGen       total 852480K, used 763431K [0x0000000084800000, 0x00000000b8880000, 0x00000000d6d80000)
  object space 852480K, 89% used [0x0000000084800000,0x00000000b3189d70,0x00000000b8880000)
 Metaspace       used 46509K, capacity 47032K, committed 47488K, reserved 1091584K
  class space    used 5838K, capacity 6007K, committed 6016K, reserved 1048576K
}
Event: 56.731 GC heap before
{Heap before GC invocations=64 (full 12):
 PSYoungGen      total 475648K, used 72864K [0x00000000d6d80000, 0x00000000ffc80000, 0x0000000100000000)
  eden space 276992K, 0% used [0x00000000d6d80000,0x00000000d6d80000,0x00000000e7c00000)
  from space 198656K, 36% used [0x00000000e7c00000,0x00000000ec328010,0x00000000f3e00000)
  to   space 192000K, 0% used [0x00000000f4100000,0x00000000f4100000,0x00000000ffc80000)
 ParOldGen       total 852480K, used 763431K [0x0000000084800000, 0x00000000b8880000, 0x00000000d6d80000)
  object space 852480K, 89% used [0x0000000084800000,0x00000000b3189d70,0x00000000b8880000)
 Metaspace       used 46509K, capacity 47032K, committed 47488K, reserved 1091584K
  class space    used 5838K, capacity 6007K, committed 6016K, reserved 1048576K

Deoptimization events (10 events):
Event: 34.263 Thread 0x00007f26e8a90800 Uncommon trap: reason=bimorphic action=maybe_recompile pc=0x00007f26d9abe8c4 method=java.util.AbstractList$Itr.next()Ljava/lang/Object; @ 14
Event: 34.301 Thread 0x00007f26e8a90800 Uncommon trap: reason=bimorphic action=maybe_recompile pc=0x00007f26d9e5c094 method=org.springframework.context.event.AbstractApplicationEventMulticaster.getApplicationListeners(Lorg/springframework/context/ApplicationEvent;Lorg/springframework/core/Resol
Event: 34.302 Thread 0x00007f26e8a90800 Uncommon trap: reason=bimorphic action=maybe_recompile pc=0x00007f26d9e5c094 method=org.springframework.context.event.AbstractApplicationEventMulticaster.getApplicationListeners(Lorg/springframework/context/ApplicationEvent;Lorg/springframework/core/Resol
Event: 38.126 Thread 0x00007f26e8a92000 Uncommon trap: reason=class_check action=maybe_recompile pc=0x00007f26d9e8303c method=org.springframework.core.convert.support.GenericConversionService.getConverter(Lorg/springframework/core/convert/TypeDescriptor;Lorg/springframework/core/convert/TypeDes
Event: 39.997 Thread 0x00007f2670001800 Uncommon trap: reason=bimorphic action=maybe_recompile pc=0x00007f26d9131048 method=java.util.zip.InflaterInputStream.read([BII)I @ 100
Event: 40.000 Thread 0x00007f2670001800 Uncommon trap: reason=bimorphic action=maybe_recompile pc=0x00007f26d9e5c094 method=org.springframework.context.event.AbstractApplicationEventMulticaster.getApplicationListeners(Lorg/springframework/context/ApplicationEvent;Lorg/springframework/core/Resol
Event: 40.000 Thread 0x00007f2670001800 Uncommon trap: reason=bimorphic action=maybe_recompile pc=0x00007f26d9e5c094 method=org.springframework.context.event.AbstractApplicationEventMulticaster.getApplicationListeners(Lorg/springframework/context/ApplicationEvent;Lorg/springframework/core/Resol
Event: 47.207 Thread 0x00007f26e8a8d000 Uncommon trap: reason=unstable_if action=reinterpret pc=0x00007f26d9ec9f1c method=org.springframework.data.mongodb.core.MongoTemplate.executeFindMultiInternal(Lorg/springframework/data/mongodb/core/CollectionCallback;Lorg/springframework/data/mongodb/core
Event: 51.388 Thread 0x00007f26e8a8e800 Uncommon trap: reason=unstable_if action=reinterpret pc=0x00007f26d9ec9f1c method=org.springframework.data.mongodb.core.MongoTemplate.executeFindMultiInternal(Lorg/springframework/data/mongodb/core/CollectionCallback;Lorg/springframework/data/mongodb/core
Event: 54.567 Thread 0x00007f26e8a92000 Uncommon trap: reason=unstable_if action=reinterpret pc=0x00007f26d9ed698c method=org.springframework.data.mongodb.core.MongoTemplate.executeFindMultiInternal(Lorg/springframework/data/mongodb/core/CollectionCallback;Lorg/springframework/data/mongodb/core

Internal exceptions (10 events):
Event: 24.980 Thread 0x00007f26e8a8d000 Exception <a 'java/lang/ClassNotFoundException': org/springframework/web/servlet/theme/FixedThemeResolverCustomizer> (0x00000000df0d7328) thrown at [/build/java8-openjdk/src/jdk8u-jdk8u144-b01/hotspot/src/share/vm/classfile/systemDictionary.cpp, line 210]
Event: 24.981 Thread 0x00007f26e8a8d000 Exception <a 'java/lang/ClassNotFoundException': org/springframework/web/servlet/ThemeResolverCustomizer> (0x00000000df0f7a60) thrown at [/build/java8-openjdk/src/jdk8u-jdk8u144-b01/hotspot/src/share/vm/classfile/systemDictionary.cpp, line 210]
Event: 24.986 Thread 0x00007f26e8a8d000 Exception <a 'java/lang/ClassNotFoundException': java/lang/ObjectCustomizer> (0x00000000df116720) thrown at [/build/java8-openjdk/src/jdk8u-jdk8u144-b01/hotspot/src/share/vm/classfile/systemDictionary.cpp, line 210]
Event: 24.987 Thread 0x00007f26e8a8d000 Exception <a 'java/lang/ClassNotFoundException': org/springframework/web/servlet/view/DefaultRequestToViewNameTranslatorCustomizer> (0x00000000df13fea8) thrown at [/build/java8-openjdk/src/jdk8u-jdk8u144-b01/hotspot/src/share/vm/classfile/systemDictionary
Event: 24.988 Thread 0x00007f26e8a8d000 Exception <a 'java/lang/ClassNotFoundException': org/springframework/web/servlet/RequestToViewNameTranslatorCustomizer> (0x00000000df173950) thrown at [/build/java8-openjdk/src/jdk8u-jdk8u144-b01/hotspot/src/share/vm/classfile/systemDictionary.cpp, line 2
Event: 24.994 Thread 0x00007f26e8a8d000 Exception <a 'java/lang/ClassNotFoundException': java/lang/ObjectCustomizer> (0x00000000df1a0f78) thrown at [/build/java8-openjdk/src/jdk8u-jdk8u144-b01/hotspot/src/share/vm/classfile/systemDictionary.cpp, line 210]
Event: 24.995 Thread 0x00007f26e8a8d000 Exception <a 'java/lang/ClassNotFoundException': org/springframework/web/servlet/support/AbstractFlashMapManagerCustomizer> (0x00000000df1c7a50) thrown at [/build/java8-openjdk/src/jdk8u-jdk8u144-b01/hotspot/src/share/vm/classfile/systemDictionary.cpp, li
Event: 24.996 Thread 0x00007f26e8a8d000 Exception <a 'java/lang/ClassNotFoundException': org/springframework/web/servlet/support/SessionFlashMapManagerCustomizer> (0x00000000df1f23e0) thrown at [/build/java8-openjdk/src/jdk8u-jdk8u144-b01/hotspot/src/share/vm/classfile/systemDictionary.cpp, lin
Event: 24.997 Thread 0x00007f26e8a8d000 Exception <a 'java/lang/ClassNotFoundException': org/springframework/web/servlet/FlashMapManagerCustomizer> (0x00000000df212bf8) thrown at [/build/java8-openjdk/src/jdk8u-jdk8u144-b01/hotspot/src/share/vm/classfile/systemDictionary.cpp, line 210]
Event: 25.032 Thread 0x00007f26e8a8d000 Implicit null exception at 0x00007f26d9d3a527 to 0x00007f26d9d44d95

Events (10 events):
Event: 56.136 Executing VM operation: ParallelGCFailedAllocation
Event: 56.160 Executing VM operation: ParallelGCFailedAllocation done
Event: 56.395 Thread 0x00007f26e80c0800 flushing nmethod 0x00007f26d958bed0
Event: 56.395 Thread 0x00007f26e80c0800 flushing nmethod 0x00007f26d958e850
Event: 56.395 Thread 0x00007f26e80c0800 flushing nmethod 0x00007f26d95b15d0
Event: 56.395 Thread 0x00007f26e80c0800 flushing nmethod 0x00007f26d95f0590
Event: 56.395 Thread 0x00007f26e80c0800 flushing nmethod 0x00007f26d95f0f10
Event: 56.476 Executing VM operation: ParallelGCFailedAllocation
Event: 56.501 Executing VM operation: ParallelGCFailedAllocation done
Event: 56.693 Executing VM operation: ParallelGCFailedAllocation


Dynamic libraries:
84800000-b8880000 rw-p 00000000 00:00 0 
cb080000-d6d80000 ---p 00000000 00:00 0 
d6d80000-ffc80000 rw-p 00000000 00:00 0 
ffc80000-100000000 ---p 00000000 00:00 0 
100000000-1005e0000 rw-p 00000000 00:00 0 
1005e0000-140000000 ---p 00000000 00:00 0 
5623129ae000-5623129af000 r-xp 00000000 08:01 5128553                    /usr/lib/jvm/java-8-openjdk/jre/bin/java
562312bae000-562312baf000 r--p 00000000 08:01 5128553                    /usr/lib/jvm/java-8-openjdk/jre/bin/java
562312baf000-562312bb0000 rw-p 00001000 08:01 5128553                    /usr/lib/jvm/java-8-openjdk/jre/bin/java
562313746000-5623137a4000 rw-p 00000000 00:00 0                          [heap]
7f2654000000-7f2654029000 rw-p 00000000 00:00 0 
7f2654029000-7f2658000000 ---p 00000000 00:00 0 
7f2658000000-7f2658021000 rw-p 00000000 00:00 0 
7f2658021000-7f265c000000 ---p 00000000 00:00 0 
7f265c000000-7f265c021000 rw-p 00000000 00:00 0 
7f265c021000-7f2660000000 ---p 00000000 00:00 0 
7f2660000000-7f26603e0000 rw-p 00000000 00:00 0 
7f26603e0000-7f2664000000 ---p 00000000 00:00 0 
7f2664000000-7f2664021000 rw-p 00000000 00:00 0 
7f2664021000-7f2668000000 ---p 00000000 00:00 0 
7f2668000000-7f2668021000 rw-p 00000000 00:00 0 
7f2668021000-7f266c000000 ---p 00000000 00:00 0 
7f266c000000-7f266c021000 rw-p 00000000 00:00 0 
7f266c021000-7f2670000000 ---p 00000000 00:00 0 
7f2670000000-7f2670021000 rw-p 00000000 00:00 0 
7f2670021000-7f2674000000 ---p 00000000 00:00 0 
7f2674000000-7f2674021000 rw-p 00000000 00:00 0 
7f2674021000-7f2678000000 ---p 00000000 00:00 0 
7f2678000000-7f2678021000 rw-p 00000000 00:00 0 
7f2678021000-7f267c000000 ---p 00000000 00:00 0 
7f267c000000-7f267c021000 rw-p 00000000 00:00 0 
7f267c021000-7f2680000000 ---p 00000000 00:00 0 
7f2680000000-7f2680021000 rw-p 00000000 00:00 0 
7f2680021000-7f2684000000 ---p 00000000 00:00 0 
7f2684000000-7f2684021000 rw-p 00000000 00:00 0 
7f2684021000-7f2688000000 ---p 00000000 00:00 0 
7f2689738000-7f268973b000 ---p 00000000 00:00 0 
7f268973b000-7f2689839000 rw-p 00000000 00:00 0 
7f2689839000-7f268983c000 ---p 00000000 00:00 0 
7f268983c000-7f268993a000 rw-p 00000000 00:00 0 
7f268993a000-7f268993d000 ---p 00000000 00:00 0 
7f268993d000-7f2689a3b000 rw-p 00000000 00:00 0 
7f2689a3b000-7f2689a3e000 ---p 00000000 00:00 0 
7f2689a3e000-7f2689b3c000 rw-p 00000000 00:00 0 
7f2689b3c000-7f2689b3f000 ---p 00000000 00:00 0 
7f2689b3f000-7f2689c3d000 rw-p 00000000 00:00 0 
7f2689c3d000-7f2689c40000 ---p 00000000 00:00 0 
7f2689c40000-7f2689d3e000 rw-p 00000000 00:00 0 
7f2689d3e000-7f2689d41000 ---p 00000000 00:00 0 
7f2689d41000-7f2689e3f000 rw-p 00000000 00:00 0 
7f2689e3f000-7f2689e42000 ---p 00000000 00:00 0 
7f2689e42000-7f2689f40000 rw-p 00000000 00:00 0 
7f2689f40000-7f2689f43000 ---p 00000000 00:00 0 
7f2689f43000-7f268a041000 rw-p 00000000 00:00 0 
7f268a041000-7f268a044000 ---p 00000000 00:00 0 
7f268a044000-7f268a142000 rw-p 00000000 00:00 0 
7f268a142000-7f268a145000 ---p 00000000 00:00 0 
7f268a145000-7f268a243000 rw-p 00000000 00:00 0 
7f268a243000-7f268a246000 ---p 00000000 00:00 0 
7f268a246000-7f268a344000 rw-p 00000000 00:00 0 
7f268a344000-7f268a347000 ---p 00000000 00:00 0 
7f268a347000-7f268a445000 rw-p 00000000 00:00 0 
7f268a445000-7f268a448000 ---p 00000000 00:00 0 
7f268a448000-7f268a546000 rw-p 00000000 00:00 0 
7f268a546000-7f268a549000 ---p 00000000 00:00 0 
7f268a549000-7f268a847000 rw-p 00000000 00:00 0 
7f268a847000-7f268a84a000 ---p 00000000 00:00 0 
7f268a84a000-7f268a948000 rw-p 00000000 00:00 0 
7f268a948000-7f268a94b000 ---p 00000000 00:00 0 
7f268a94b000-7f268aa49000 rw-p 00000000 00:00 0 
7f268aa49000-7f268aa4c000 ---p 00000000 00:00 0 
7f268aa4c000-7f268ab4a000 rw-p 00000000 00:00 0 
7f268abe3000-7f268ac63000 rw-p 00000000 00:00 0 
7f268ac63000-7f268ade3000 ---p 00000000 00:00 0 
7f268ade3000-7f268ade6000 ---p 00000000 00:00 0 
7f268ade6000-7f268aee4000 rw-p 00000000 00:00 0 
7f268aee4000-7f268aee7000 ---p 00000000 00:00 0 
7f268aee7000-7f268afe5000 rw-p 00000000 00:00 0 
7f268afe5000-7f268afe8000 ---p 00000000 00:00 0 
7f268afe8000-7f268b2e6000 rw-p 00000000 00:00 0 
7f268b2e6000-7f268b4e6000 rw-p 00000000 00:00 0 
7f268b4e6000-7f268b6e6000 rw-p 00000000 00:00 0 
7f268b6e6000-7f268b6e9000 ---p 00000000 00:00 0 
7f268b6e9000-7f268b9e7000 rw-p 00000000 00:00 0 
7f268b9e7000-7f268bbe7000 rw-p 00000000 00:00 0 
7f268bbe7000-7f268bbea000 ---p 00000000 00:00 0 
7f268bbea000-7f268bce8000 rw-p 00000000 00:00 0 
7f268bce8000-7f268bceb000 ---p 00000000 00:00 0 
7f268bceb000-7f268bde9000 rw-p 00000000 00:00 0 
7f268bde9000-7f268bdff000 r-xp 00000000 08:01 5005266                    /usr/lib/libgcc_s.so.1
7f268bdff000-7f268bffe000 ---p 00016000 08:01 5005266                    /usr/lib/libgcc_s.so.1
7f268bffe000-7f268bfff000 r--p 00015000 08:01 5005266                    /usr/lib/libgcc_s.so.1
7f268bfff000-7f268c000000 rw-p 00016000 08:01 5005266                    /usr/lib/libgcc_s.so.1
7f268c000000-7f268c021000 rw-p 00000000 00:00 0 
7f268c021000-7f2690000000 ---p 00000000 00:00 0 
7f2690000000-7f2690021000 rw-p 00000000 00:00 0 
7f2690021000-7f2694000000 ---p 00000000 00:00 0 
7f2694000000-7f2694330000 rw-p 00000000 00:00 0 
7f2694330000-7f2698000000 ---p 00000000 00:00 0 
7f2698000000-7f26981bd000 rw-p 00000000 00:00 0 
7f26981bd000-7f269c000000 ---p 00000000 00:00 0 
7f269c000000-7f269c021000 rw-p 00000000 00:00 0 
7f269c021000-7f26a0000000 ---p 00000000 00:00 0 
7f26a0000000-7f26a0021000 rw-p 00000000 00:00 0 
7f26a0021000-7f26a4000000 ---p 00000000 00:00 0 
7f26a4000000-7f26a575d000 rw-p 00000000 00:00 0 
7f26a575d000-7f26a8000000 ---p 00000000 00:00 0 
7f26a8000000-7f26a93b1000 rw-p 00000000 00:00 0 
7f26a93b1000-7f26ac000000 ---p 00000000 00:00 0 
7f26ac000000-7f26ac021000 rw-p 00000000 00:00 0 
7f26ac021000-7f26b0000000 ---p 00000000 00:00 0 
7f26b0000000-7f26b1cba000 rw-p 00000000 00:00 0 
7f26b1cba000-7f26b4000000 ---p 00000000 00:00 0 
7f26b4000000-7f26b4021000 rw-p 00000000 00:00 0 
7f26b4021000-7f26b8000000 ---p 00000000 00:00 0 
7f26b8000000-7f26b8021000 rw-p 00000000 00:00 0 
7f26b8021000-7f26bc000000 ---p 00000000 00:00 0 
7f26bc000000-7f26bc0a3000 rw-p 00000000 00:00 0 
7f26bc0a3000-7f26c0000000 ---p 00000000 00:00 0 
7f26c0000000-7f26c0088000 rw-p 00000000 00:00 0 
7f26c0088000-7f26c4000000 ---p 00000000 00:00 0 
7f26c4004000-7f26c4204000 rw-p 00000000 00:00 0 
7f26c4204000-7f26c423d000 r-xp 00000000 08:01 5129472                    /usr/lib/jvm/java-8-openjdk/jre/lib/amd64/libsunec.so
7f26c423d000-7f26c443c000 ---p 00039000 08:01 5129472                    /usr/lib/jvm/java-8-openjdk/jre/lib/amd64/libsunec.so
7f26c443c000-7f26c4441000 r--p 00038000 08:01 5129472                    /usr/lib/jvm/java-8-openjdk/jre/lib/amd64/libsunec.so
7f26c4441000-7f26c4443000 rw-p 0003d000 08:01 5129472                    /usr/lib/jvm/java-8-openjdk/jre/lib/amd64/libsunec.so
7f26c4443000-7f26c4446000 ---p 00000000 00:00 0 
7f26c4446000-7f26c4544000 rw-p 00000000 00:00 0 
7f26c4544000-7f26c4547000 ---p 00000000 00:00 0 
7f26c4547000-7f26c4645000 rw-p 00000000 00:00 0 
7f26c4645000-7f26c4648000 ---p 00000000 00:00 0 
7f26c4648000-7f26c4946000 rw-p 00000000 00:00 0 
7f26c4946000-7f26c4b46000 rw-p 00000000 00:00 0 
7f26c4b46000-7f26c4d46000 rw-p 00000000 00:00 0 
7f26c4d46000-7f26c4f46000 rw-p 00000000 00:00 0 
7f26c4f46000-7f26c5146000 rw-p 00000000 00:00 0 
7f26c5146000-7f26c5157000 r-xp 00000000 08:01 5129492                    /usr/lib/jvm/java-8-openjdk/jre/lib/amd64/libnio.so
7f26c5157000-7f26c5357000 ---p 00011000 08:01 5129492                    /usr/lib/jvm/java-8-openjdk/jre/lib/amd64/libnio.so
7f26c5357000-7f26c5358000 r--p 00011000 08:01 5129492                    /usr/lib/jvm/java-8-openjdk/jre/lib/amd64/libnio.so
7f26c5358000-7f26c5359000 rw-p 00012000 08:01 5129492                    /usr/lib/jvm/java-8-openjdk/jre/lib/amd64/libnio.so
7f26c5359000-7f26c5559000 rw-p 00000000 00:00 0 
7f26c5610000-7f26c5810000 rw-p 00000000 00:00 0 
7f26c5810000-7f26c5a10000 rw-p 00000000 00:00 0 
7f26c5a10000-7f26c5c10000 rw-p 00000000 00:00 0 
7f26c5c10000-7f26c5c18000 r-xp 00000000 08:01 5129493                    /usr/lib/jvm/java-8-openjdk/jre/lib/amd64/libmanagement.so
7f26c5c18000-7f26c5e18000 ---p 00008000 08:01 5129493                    /usr/lib/jvm/java-8-openjdk/jre/lib/amd64/libmanagement.so
7f26c5e18000-7f26c5e19000 r--p 00008000 08:01 5129493                    /usr/lib/jvm/java-8-openjdk/jre/lib/amd64/libmanagement.so
7f26c5e19000-7f26c5e1a000 rw-p 00009000 08:01 5129493                    /usr/lib/jvm/java-8-openjdk/jre/lib/amd64/libmanagement.so
7f26c5e1a000-7f26c5e29000 r-xp 00000000 08:01 4982348                    /usr/lib/libnss_myhostname.so.2
7f26c5e29000-7f26c6029000 ---p 0000f000 08:01 4982348                    /usr/lib/libnss_myhostname.so.2
7f26c6029000-7f26c602b000 r--p 0000f000 08:01 4982348                    /usr/lib/libnss_myhostname.so.2
7f26c602b000-7f26c602c000 rw-p 00011000 08:01 4982348                    /usr/lib/libnss_myhostname.so.2
7f26c602c000-7f26c603f000 r-xp 00000000 08:01 4982329                    /usr/lib/libresolv-2.26.so
7f26c603f000-7f26c623f000 ---p 00013000 08:01 4982329                    /usr/lib/libresolv-2.26.so
7f26c623f000-7f26c6240000 r--p 00013000 08:01 4982329                    /usr/lib/libresolv-2.26.so
7f26c6240000-7f26c6241000 rw-p 00014000 08:01 4982329                    /usr/lib/libresolv-2.26.so
7f26c6241000-7f26c6243000 rw-p 00000000 00:00 0 
7f26c6243000-7f26c6248000 r-xp 00000000 08:01 4982433                    /usr/lib/libnss_dns-2.26.so
7f26c6248000-7f26c6447000 ---p 00005000 08:01 4982433                    /usr/lib/libnss_dns-2.26.so
7f26c6447000-7f26c6448000 r--p 00004000 08:01 4982433                    /usr/lib/libnss_dns-2.26.so
7f26c6448000-7f26c6449000 rw-p 00005000 08:01 4982433                    /usr/lib/libnss_dns-2.26.so
7f26c6449000-7f26c644b000 r-xp 00000000 08:01 4994857                    /usr/lib/libnss_mdns_minimal.so.2
7f26c644b000-7f26c664b000 ---p 00002000 08:01 4994857                    /usr/lib/libnss_mdns_minimal.so.2
7f26c664b000-7f26c664c000 r--p 00002000 08:01 4994857                    /usr/lib/libnss_mdns_minimal.so.2
7f26c664c000-7f26c664d000 rw-p 00003000 08:01 4994857                    /usr/lib/libnss_mdns_minimal.so.2
7f26c6677000-7f26c6679000 r--s 00008000 08:01 5129509                    /usr/lib/jvm/java-8-openjdk/jre/lib/ext/sunec.jar
7f26c6679000-7f26c667c000 r--s 00015000 08:01 5128576                    /usr/lib/jvm/java-8-openjdk/jre/lib/jce.jar
7f26c667c000-7f26c6681000 r--s 002f9000 08:01 5128570                    /usr/lib/jvm/java-8-openjdk/jre/lib/charsets.jar
7f26c6681000-7f26c6686000 r--s 0009a000 08:01 5128573                    /usr/lib/jvm/java-8-openjdk/jre/lib/jsse.jar
7f26c6686000-7f26c6699000 r--s 00346000 08:01 5128571                    /usr/lib/jvm/java-8-openjdk/jre/lib/resources.jar
7f26c6699000-7f26c669c000 ---p 00000000 00:00 0 
7f26c669c000-7f26c679a000 rw-p 00000000 00:00 0 
7f26c679a000-7f26c67b1000 r-xp 00000000 08:01 5129490                    /usr/lib/jvm/java-8-openjdk/jre/lib/amd64/libnet.so
7f26c67b1000-7f26c69b0000 ---p 00017000 08:01 5129490                    /usr/lib/jvm/java-8-openjdk/jre/lib/amd64/libnet.so
7f26c69b0000-7f26c69b1000 r--p 00016000 08:01 5129490                    /usr/lib/jvm/java-8-openjdk/jre/lib/amd64/libnet.so
7f26c69b1000-7f26c69b2000 rw-p 00017000 08:01 5129490                    /usr/lib/jvm/java-8-openjdk/jre/lib/amd64/libnet.so
7f26c69b2000-7f26c69b4000 r--s 00003000 08:01 6446769                    /home/j3s/.m2/repository/org/slf4j/jcl-over-slf4j/1.7.25/jcl-over-slf4j-1.7.25.jar
7f26c69b4000-7f26c69b6000 r--s 00009000 08:01 6446829                    /home/j3s/.m2/repository/org/slf4j/slf4j-api/1.7.25/slf4j-api-1.7.25.jar
7f26c69b6000-7f26c69c9000 r--s 000ad000 08:01 6441983                    /home/j3s/.m2/repository/org/springframework/data/spring-data-commons/1.13.9.RELEASE/spring-data-commons-1.13.9.RELEASE.jar
7f26c69c9000-7f26c69ce000 r--s 0003c000 08:01 6446812                    /home/j3s/.m2/repository/org/springframework/spring-expression/4.3.13.RELEASE/spring-expression-4.3.13.RELEASE.jar
7f26c69ce000-7f26c69dc000 r--s 000ad000 08:01 6446806                    /home/j3s/.m2/repository/org/springframework/spring-beans/4.3.13.RELEASE/spring-beans-4.3.13.RELEASE.jar
7f26c69dc000-7f26c69e5000 r--s 00054000 08:01 6446804                    /home/j3s/.m2/repository/org/springframework/spring-aop/4.3.13.RELEASE/spring-aop-4.3.13.RELEASE.jar
7f26c69e5000-7f26c69fe000 r--s 000fe000 08:01 6446808                    /home/j3s/.m2/repository/org/springframework/spring-context/4.3.13.RELEASE/spring-context-4.3.13.RELEASE.jar
7f26c69fe000-7f26c6a06000 r--s 0003a000 08:01 6448266                    /home/j3s/.m2/repository/org/springframework/spring-tx/4.3.13.RELEASE/spring-tx-4.3.13.RELEASE.jar
7f26c6a06000-7f26c6a1e000 r--s 000de000 08:01 6441982                    /home/j3s/.m2/repository/org/springframework/data/spring-data-mongodb/1.10.9.RELEASE/spring-data-mongodb-1.10.9.RELEASE.jar
7f26c6a1e000-7f26c6a23000 r--s 00037000 08:01 6169986                    /home/j3s/.m2/repository/org/mongodb/bson/3.4.3/bson-3.4.3.jar
7f26c6a23000-7f26c6a38000 r--s 000ef000 08:01 6169984                    /home/j3s/.m2/repository/org/mongodb/mongodb-driver-core/3.4.3/mongodb-driver-core-3.4.3.jar
7f26c6a38000-7f26c6a3e000 r--s 00054000 08:01 6169987                    /home/j3s/.m2/repository/org/mongodb/mongodb-driver/3.4.3/mongodb-driver-3.4.3.jar
7f26c6a3e000-7f26c6a44000 r--s 0003d000 08:01 6446776                    /home/j3s/.m2/repository/org/yaml/snakeyaml/1.17/snakeyaml-1.17.jar
7f26c6a44000-7f26c6a5b000 r--s 000fc000 08:01 6446846                    /home/j3s/.m2/repository/org/springframework/spring-core/4.3.13.RELEASE/spring-core-4.3.13.RELEASE.jar
7f26c6a5b000-7f26c6a5d000 r--s 00004000 08:01 6446774                    /home/j3s/.m2/repository/org/slf4j/log4j-over-slf4j/1.7.25/log4j-over-slf4j-1.7.25.jar
7f26c6a5d000-7f26c6a5f000 r--s 00000000 08:01 6446772                    /home/j3s/.m2/repository/org/slf4j/jul-to-slf4j/1.7.25/jul-to-slf4j-1.7.25.jar
7f26c6a5f000-7f26c6a6a000 r--s 0006a000 08:01 6446770                    /home/j3s/.m2/repository/ch/qos/logback/logback-core/1.1.11/logback-core-1.1.11.jar
7f26c6a6a000-7f26c6a71000 r--s 00045000 08:01 6446767                    /home/j3s/.m2/repository/ch/qos/logback/logback-classic/1.1.11/logback-classic-1.1.11.jar
7f26c6a71000-7f26c6a72000 r--s 00000000 08:01 6446765                    /home/j3s/.m2/repository/org/springframework/boot/spring-boot-starter-logging/1.5.9.RELEASE/spring-boot-starter-logging-1.5.9.RELEASE.jar
7f26c6a72000-7f26c6a92000 r--s 000e6000 08:01 6446763                    /home/j3s/.m2/repository/org/springframework/boot/spring-boot-autoconfigure/1.5.9.RELEASE/spring-boot-autoconfigure-1.5.9.RELEASE.jar
7f26c6a92000-7f26c6aa2000 r--s 00095000 08:01 6446761                    /home/j3s/.m2/repository/org/springframework/boot/spring-boot/1.5.9.RELEASE/spring-boot-1.5.9.RELEASE.jar
7f26c6aa2000-7f26c6aa3000 r--s 00000000 08:01 6446762                    /home/j3s/.m2/repository/org/springframework/boot/spring-boot-starter/1.5.9.RELEASE/spring-boot-starter-1.5.9.RELEASE.jar
7f26c6aa3000-7f26c6aa4000 r--s 00000000 08:01 6169983                    /home/j3s/.m2/repository/org/springframework/boot/spring-boot-starter-data-mongodb/1.5.9.RELEASE/spring-boot-starter-data-mongodb-1.5.9.RELEASE.jar
7f26c6aa4000-7f26c6aa6000 r--s 00005000 08:01 6449057                    /home/j3s/.m2/repository/xpp3/xpp3_min/1.1.4c/xpp3_min-1.1.4c.jar
7f26c6aa6000-7f26c6aa7000 r--s 00001000 08:01 6449055                    /home/j3s/.m2/repository/xmlpull/xmlpull/1.1.3.1/xmlpull-1.1.3.1.jar
7f26c6aa7000-7f26c6ab5000 r--s 00079000 08:01 6449053                    /home/j3s/.m2/repository/com/thoughtworks/xstream/xstream/1.4.9/xstream-1.4.9.jar
7f26c6ab5000-7f26c6ab7000 r--s 00003000 08:01 6449109                    /home/j3s/.m2/repository/com/netflix/ribbon/ribbon-eureka/2.2.4/ribbon-eureka-2.2.4.jar
7f26c6ab7000-7f26c6acf000 r--s 000fc000 08:01 6449108                    /home/j3s/.m2/repository/io/reactivex/rxjava/1.2.0/rxjava-1.2.0.jar
7f26c6acf000-7f26c6ad1000 r--s 00002000 08:01 6449105                    /home/j3s/.m2/repository/com/netflix/netflix-commons/netflix-statistics/0.1.1/netflix-statistics-0.1.1.jar
7f26c6ad1000-7f26c6ad5000 r--s 00024000 08:01 6449103                    /home/j3s/.m2/repository/com/netflix/ribbon/ribbon-loadbalancer/2.2.4/ribbon-loadbalancer-2.2.4.jar
7f26c6ad5000-7f26c6ad6000 r--s 00001000 08:01 6449101                    /home/j3s/.m2/repository/com/netflix/netflix-commons/netflix-commons-util/0.1.1/netflix-commons-util-0.1.1.jar
7f26c6ad6000-7f26c6ae3000 r--s 00083000 08:01 6449100                    /home/j3s/.m2/repository/commons-collections/commons-collections/3.2.2/commons-collections-3.2.2.jar
7f26c6ae3000-7f26c6ae5000 r--s 0000c000 08:01 6449098                    /home/j3s/.m2/repository/com/netflix/ribbon/ribbon-httpclient/2.2.4/ribbon-httpclient-2.2.4.jar
7f26c6ae5000-7f26c6ae9000 r--s 00011000 08:01 6449095                    /home/j3s/.m2/repository/com/netflix/ribbon/ribbon-core/2.2.4/ribbon-core-2.2.4.jar
7f26c6ae9000-7f26c6af0000 r--s 00047000 08:01 6449093                    /home/j3s/.m2/repository/io/netty/netty-transport/4.0.27.Final/netty-transport-4.0.27.Final.jar
7f26c6af0000-7f26c6af2000 r--s 00027000 08:01 6449092                    /home/j3s/.m2/repository/io/netty/netty-buffer/4.0.27.Final/netty-buffer-4.0.27.Final.jar
7f26c6af2000-7f26c6af9000 r--s 00060000 08:01 6449089                    /home/j3s/.m2/repository/io/netty/netty-common/4.0.27.Final/netty-common-4.0.27.Final.jar
7f26c6af9000-7f26c6afb000 r--s 00016000 08:01 6449088                    /home/j3s/.m2/repository/io/netty/netty-transport-native-epoll/4.0.27.Final/netty-transport-native-epoll-4.0.27.Final.jar
7f26c6afb000-7f26c6b00000 r--s 00036000 08:01 6449085                    /home/j3s/.m2/repository/io/netty/netty-handler/4.0.27.Final/netty-handler-4.0.27.Final.jar
7f26c6b00000-7f26c6b04000 r--s 00020000 08:01 6449083                    /home/j3s/.m2/repository/io/netty/netty-codec/4.0.27.Final/netty-codec-4.0.27.Final.jar
7f26c6b04000-7f26c6b0c000 r--s 00061000 08:01 6449081                    /home/j3s/.m2/repository/io/netty/netty-codec-http/4.0.27.Final/netty-codec-http-4.0.27.Final.jar
7f26c6b0c000-7f26c6b16000 r--s 00059000 08:01 6449079                    /home/j3s/.m2/repository/io/reactivex/rxnetty/0.4.9/rxnetty-0.4.9.jar
7f26c6b16000-7f26c6b18000 r--s 0001a000 08:01 6449078                    /home/j3s/.m2/repository/org/hdrhistogram/HdrHistogram/2.1.9/HdrHistogram-2.1.9.jar
7f26c6b18000-7f26c6b24000 r--s 00068000 08:01 6449077                    /home/j3s/.m2/repository/com/netflix/hystrix/hystrix-core/1.5.12/hystrix-core-1.5.12.jar
7f26c6b24000-7f26c6b26000 r--s 00006000 08:01 6449073                    /home/j3s/.m2/repository/io/reactivex/rxnetty-servo/0.4.9/rxnetty-servo-0.4.9.jar
7f26c6b26000-7f26c6b29000 r--s 0000b000 08:01 6449072                    /home/j3s/.m2/repository/io/reactivex/rxnetty-contexts/0.4.9/rxnetty-contexts-0.4.9.jar
7f26c6b29000-7f26c6b2a000 r--s 00009000 08:01 6449069                    /home/j3s/.m2/repository/com/netflix/ribbon/ribbon-transport/2.2.4/ribbon-transport-2.2.4.jar
7f26c6b2a000-7f26c6b2e000 r--s 00012000 08:01 6449067                    /home/j3s/.m2/repository/com/netflix/ribbon/ribbon/2.2.4/ribbon-2.2.4.jar
7f26c6b2e000-7f26c6b2f000 r--s 00000000 08:01 6449065                    /home/j3s/.m2/repository/org/springframework/cloud/spring-cloud-starter-netflix-ribbon/1.4.0.RELEASE/spring-cloud-starter-netflix-ribbon-1.4.0.RELEASE.jar
7f26c6b2f000-7f26c6b5a000 r--s 001fc000 08:01 6447791                    /home/j3s/.m2/repository/com/google/guava/guava/18.0/guava-18.0.jar
7f26c6b5a000-7f26c6b5f000 r--s 00041000 08:01 6449062                    /home/j3s/.m2/repository/commons-lang/commons-lang/2.6/commons-lang-2.6.jar
7f26c6b5f000-7f26c6b66000 r--s 00050000 08:01 6449063                    /home/j3s/.m2/repository/commons-configuration/commons-configuration/1.8/commons-configuration-1.8.jar
7f26c6b66000-7f26c6b6a000 r--s 00024000 08:01 6449051                    /home/j3s/.m2/repository/org/codehaus/woodstox/stax2-api/3.1.4/stax2-api-3.1.4.jar
7f26c6b6a000-7f26c6b6c000 r--s 00004000 08:01 6449039                    /home/j3s/.m2/repository/javax/xml/stream/stax-api/1.0-2/stax-api-1.0-2.jar
7f26c6b6c000-7f26c6b72000 r--s 00071000 08:01 6449037                    /home/j3s/.m2/repository/org/codehaus/woodstox/woodstox-core-asl/4.4.1/woodstox-core-asl-4.4.1.jar
7f26c6b72000-7f26c6b77000 r--s 00039000 08:01 6449035                    /home/j3s/.m2/repository/com/netflix/eureka/eureka-core/1.7.0/eureka-core-1.7.0.jar
7f26c6b77000-7f26c6b7b000 r--s 00042000 08:01 6446800                    /home/j3s/.m2/repository/com/fasterxml/jackson/core/jackson-core/2.8.10/jackson-core-2.8.10.jar
7f26c6b7b000-7f26c6b7e000 r--s 0000b000 08:01 6446798                    /home/j3s/.m2/repository/com/fasterxml/jackson/core/jackson-annotations/2.8.0/jackson-annotations-2.8.0.jar
7f26c6b7e000-7f26c6b80000 r--s 00000000 08:01 6447755                    /home/j3s/.m2/repository/aopalliance/aopalliance/1.0/aopalliance-1.0.jar
7f26c6b80000-7f26c6b8e000 r--s 00097000 08:01 6449017                    /home/j3s/.m2/repository/com/google/inject/guice/4.1.0/guice-4.1.0.jar
7f26c6b8e000-7f26c6b95000 r--s 0003f000 08:01 6448256                    /home/j3s/.m2/repository/commons-codec/commons-codec/1.10/commons-codec-1.10.jar
7f26c6b95000-7f26c6b9c000 r--s 00049000 08:01 6448254                    /home/j3s/.m2/repository/org/apache/httpcomponents/httpcore/4.4.8/httpcore-4.4.8.jar
7f26c6b9c000-7f26c6ba9000 r--s 000aa000 08:01 6448257                    /home/j3s/.m2/repository/org/apache/httpcomponents/httpclient/4.5.3/httpclient-4.5.3.jar
7f26c6ba9000-7f26c6bab000 r--s 00003000 08:01 6449015                    /home/j3s/.m2/repository/com/sun/jersey/contribs/jersey-apache-client4/1.19.1/jersey-apache-client4-1.19.1.jar
7f26c6bab000-7f26c6bae000 r--s 0001e000 08:01 6449013                    /home/j3s/.m2/repository/com/sun/jersey/jersey-client/1.19.1/jersey-client-1.19.1.jar
7f26c6bae000-7f26c6bb8000 r--s 00061000 08:01 6449011                    /home/j3s/.m2/repository/com/sun/jersey/jersey-core/1.19.1/jersey-core-1.19.1.jar
7f26c6bb8000-7f26c6bbc000 r--s 00027000 08:01 6449009                    /home/j3s/.m2/repository/com/netflix/servo/servo-internal/0.10.1/servo-internal-0.10.1.jar
7f26c6bbc000-7f26c6bc1000 r--s 00032000 08:01 6449008                    /home/j3s/.m2/repository/com/netflix/servo/servo-core/0.10.1/servo-core-0.10.1.jar
7f26c6bc1000-7f26c6bc3000 r--s 0000a000 08:01 6449005                    /home/j3s/.m2/repository/javax/ws/rs/jsr311-api/1.1.1/jsr311-api-1.1.1.jar
7f26c6bc3000-7f26c6bc7000 r--s 0001e000 08:01 6449042                    /home/j3s/.m2/repository/com/netflix/archaius/archaius-core/0.7.4/archaius-core-0.7.4.jar
7f26c6bc7000-7f26c6bda000 r--s 000df000 08:01 6449003                    /home/j3s/.m2/repository/org/apache/commons/commons-math/2.2/commons-math-2.2.jar
7f26c6bda000-7f26c6bdf000 r--s 00034000 08:01 6449002                    /home/j3s/.m2/repository/com/google/code/gson/gson/2.8.2/gson-2.8.2.jar
7f26c6bdf000-7f26c6be4000 r--s 00068000 08:01 6448999                    /home/j3s/.m2/repository/antlr/antlr/2.7.7/antlr-2.7.7.jar
7f26c6be4000-7f26c6be7000 r--s 00022000 08:01 6448997                    /home/j3s/.m2/repository/org/antlr/stringtemplate/3.2.1/stringtemplate-3.2.1.jar
7f26c6be7000-7f26c6beb000 r--s 00025000 08:01 6448995                    /home/j3s/.m2/repository/org/antlr/antlr-runtime/3.4/antlr-runtime-3.4.jar
7f26c6beb000-7f26c6bfc000 r--s 0008a000 08:01 6448993                    /home/j3s/.m2/repository/joda-time/joda-time/2.9.9/joda-time-2.9.9.jar
7f26c6bfc000-7f26c6c02000 r--s 00044000 08:01 6448991                    /home/j3s/.m2/repository/commons-jxpath/commons-jxpath/1.3/commons-jxpath-1.3.jar
7f26c6c02000-7f26c6c05000 r--s 00016000 08:01 6448989                    /home/j3s/.m2/repository/com/netflix/netflix-commons/netflix-infix/0.3.0/netflix-infix-0.3.0.jar
7f26c6c05000-7f26c6c07000 r--s 0000f000 08:01 6448987                    /home/j3s/.m2/repository/com/netflix/netflix-commons/netflix-eventbus/0.3.0/netflix-eventbus-0.3.0.jar
7f26c6c07000-7f26c6c09000 r--s 00005000 08:01 6448985                    /home/j3s/.m2/repository/stax/stax-api/1.0.1/stax-api-1.0.1.jar
7f26c6c09000-7f26c6c53000 r--s 002f4000 08:01 6448944                    /home/j3s/.m2/repository/org/bouncycastle/bcprov-jdk15on/1.55/bcprov-jdk15on-1.55.jar
7f26c6c53000-7f26c6c54000 ---p 00000000 00:00 0 
7f26c6c54000-7f26c6d54000 rw-p 00000000 00:00 0 
7f26c6d54000-7f26c6d57000 ---p 00000000 00:00 0 
7f26c6d57000-7f26c6e55000 rw-p 00000000 00:00 0 
7f26c6e55000-7f26c6e58000 ---p 00000000 00:00 0 
7f26c6e58000-7f26c6f56000 rw-p 00000000 00:00 0 
7f26c6f56000-7f26c6f59000 ---p 00000000 00:00 0 
7f26c6f59000-7f26c7057000 rw-p 00000000 00:00 0 
7f26c7057000-7f26c705a000 ---p 00000000 00:00 0 
7f26c705a000-7f26c7158000 rw-p 00000000 00:00 0 
7f26c7158000-7f26c715b000 ---p 00000000 00:00 0 
7f26c715b000-7f26c7259000 rw-p 00000000 00:00 0 
7f26c7259000-7f26c73f4000 r--p 00000000 08:01 5005219                    /usr/lib/locale/locale-archive
7f26c73f4000-7f26c73f7000 ---p 00000000 00:00 0 
7f26c73f7000-7f26c74f5000 rw-p 00000000 00:00 0 
7f26c74f5000-7f26c74f8000 ---p 00000000 00:00 0 
7f26c74f8000-7f26c75f6000 rw-p 00000000 00:00 0 
7f26c75f6000-7f26c75f7000 ---p 00000000 00:00 0 
7f26c75f7000-7f26c8000000 rw-p 00000000 00:00 0 
7f26c8000000-7f26c8021000 rw-p 00000000 00:00 0 
7f26c8021000-7f26cc000000 ---p 00000000 00:00 0 
7f26cc000000-7f26cc021000 rw-p 00000000 00:00 0 
7f26cc021000-7f26d0000000 ---p 00000000 00:00 0 
7f26d0000000-7f26d0021000 rw-p 00000000 00:00 0 
7f26d0021000-7f26d4000000 ---p 00000000 00:00 0 
7f26d4000000-7f26d4001000 r--s 00000000 08:01 6449059                    /home/j3s/.m2/repository/org/springframework/cloud/spring-cloud-starter-netflix-archaius/1.4.0.RELEASE/spring-cloud-starter-netflix-archaius-1.4.0.RELEASE.jar
7f26d4001000-7f26d4004000 r--s 00012000 08:01 6448983                    /home/j3s/.m2/repository/org/codehaus/jettison/jettison/1.3.7/jettison-1.3.7.jar
7f26d4004000-7f26d400d000 r--s 0005b000 08:01 6448981                    /home/j3s/.m2/repository/com/netflix/eureka/eureka-client/1.7.0/eureka-client-1.7.0.jar
7f26d400d000-7f26d4017000 r--s 0005c000 08:01 6448977                    /home/j3s/.m2/repository/org/springframework/cloud/spring-cloud-netflix-core/1.4.0.RELEASE/spring-cloud-netflix-core-1.4.0.RELEASE.jar
7f26d4017000-7f26d4028000 r--s 00096000 08:01 6448937                    /home/j3s/.m2/repository/org/bouncycastle/bcpkix-jdk15on/1.55/bcpkix-jdk15on-1.55.jar
7f26d4028000-7f26d403a000 r--s 000cf000 08:01 6446810                    /home/j3s/.m2/repository/org/springframework/spring-webmvc/4.3.13.RELEASE/spring-webmvc-4.3.13.RELEASE.jar
7f26d403a000-7f26d404c000 r--s 000b8000 08:01 6446802                    /home/j3s/.m2/repository/org/springframework/spring-web/4.3.13.RELEASE/spring-web-4.3.13.RELEASE.jar
7f26d404c000-7f26d405e000 r--s 0011e000 08:01 6446796                    /home/j3s/.m2/repository/com/fasterxml/jackson/core/jackson-databind/2.8.10/jackson-databind-2.8.10.jar
7f26d405e000-7f26d9000000 rw-p 00000000 00:00 0 
7f26d9000000-7f26d9fa0000 rwxp 00000000 00:00 0 
7f26d9fa0000-7f26e8000000 ---p 00000000 00:00 0 
7f26e8000000-7f26e93c5000 rw-p 00000000 00:00 0 
7f26e93c5000-7f26ec000000 ---p 00000000 00:00 0 
7f26ec000000-7f26ec003000 r--s 00014000 08:01 6448979                    /home/j3s/.m2/repository/org/springframework/cloud/spring-cloud-netflix-eureka-client/1.4.0.RELEASE/spring-cloud-netflix-eureka-client-1.4.0.RELEASE.jar
7f26ec003000-7f26ec014000 r--s 000a1000 08:01 6446788                    /home/j3s/.m2/repository/org/hibernate/hibernate-validator/5.3.6.Final/hibernate-validator-5.3.6.Final.jar
7f26ec014000-7f26ec03d000 r--s 002c7000 08:01 6446780                    /home/j3s/.m2/repository/org/apache/tomcat/embed/tomcat-embed-core/8.5.23/tomcat-embed-core-8.5.23.jar
7f26ec03d000-7f26ec10f000 rw-p 00000000 00:00 0 
7f26ec10f000-7f26ec2dd000 r--s 03c15000 08:01 5128566                    /usr/lib/jvm/java-8-openjdk/jre/lib/rt.jar
7f26ec2dd000-7f26ec353000 rw-p 00000000 00:00 0 
7f26ec353000-7f26ec354000 ---p 00000000 00:00 0 
7f26ec354000-7f26ec454000 rw-p 00000000 00:00 0 
7f26ec454000-7f26ec455000 ---p 00000000 00:00 0 
7f26ec455000-7f26ec555000 rw-p 00000000 00:00 0 
7f26ec555000-7f26ec556000 ---p 00000000 00:00 0 
7f26ec556000-7f26ec656000 rw-p 00000000 00:00 0 
7f26ec656000-7f26ec657000 ---p 00000000 00:00 0 
7f26ec657000-7f26ec8f8000 rw-p 00000000 00:00 0 
7f26ec8f8000-7f26ec9ea000 ---p 00000000 00:00 0 
7f26ec9ea000-7f26ecb8b000 rw-p 00000000 00:00 0 
7f26ecb8b000-7f26ecc7c000 ---p 00000000 00:00 0 
7f26ecc7c000-7f26ecdc5000 rw-p 00000000 00:00 0 
7f26ecdc5000-7f26ecdc6000 ---p 00000000 00:00 0 
7f26ecdc6000-7f26ece06000 rw-p 00000000 00:00 0 
7f26ece06000-7f26ed187000 ---p 00000000 00:00 0 
7f26ed187000-7f26ed18f000 r-xp 00000000 08:01 5129496                    /usr/lib/jvm/java-8-openjdk/jre/lib/amd64/libzip.so
7f26ed18f000-7f26ed38e000 ---p 00008000 08:01 5129496                    /usr/lib/jvm/java-8-openjdk/jre/lib/amd64/libzip.so
7f26ed38e000-7f26ed38f000 r--p 00007000 08:01 5129496                    /usr/lib/jvm/java-8-openjdk/jre/lib/amd64/libzip.so
7f26ed38f000-7f26ed390000 rw-p 00008000 08:01 5129496                    /usr/lib/jvm/java-8-openjdk/jre/lib/amd64/libzip.so
7f26ed390000-7f26ed39b000 r-xp 00000000 08:01 4982432                    /usr/lib/libnss_files-2.26.so
7f26ed39b000-7f26ed59a000 ---p 0000b000 08:01 4982432                    /usr/lib/libnss_files-2.26.so
7f26ed59a000-7f26ed59b000 r--p 0000a000 08:01 4982432                    /usr/lib/libnss_files-2.26.so
7f26ed59b000-7f26ed59c000 rw-p 0000b000 08:01 4982432                    /usr/lib/libnss_files-2.26.so
7f26ed59c000-7f26ed5a2000 rw-p 00000000 00:00 0 
7f26ed5a2000-7f26ed5d0000 r-xp 00000000 08:01 5129480                    /usr/lib/jvm/java-8-openjdk/jre/lib/amd64/libjava.so
7f26ed5d0000-7f26ed7cf000 ---p 0002e000 08:01 5129480                    /usr/lib/jvm/java-8-openjdk/jre/lib/amd64/libjava.so
7f26ed7cf000-7f26ed7d0000 r--p 0002d000 08:01 5129480                    /usr/lib/jvm/java-8-openjdk/jre/lib/amd64/libjava.so
7f26ed7d0000-7f26ed7d2000 rw-p 0002e000 08:01 5129480                    /usr/lib/jvm/java-8-openjdk/jre/lib/amd64/libjava.so
7f26ed7d2000-7f26ed7df000 r-xp 00000000 08:01 5129470                    /usr/lib/jvm/java-8-openjdk/jre/lib/amd64/libverify.so
7f26ed7df000-7f26ed9de000 ---p 0000d000 08:01 5129470                    /usr/lib/jvm/java-8-openjdk/jre/lib/amd64/libverify.so
7f26ed9de000-7f26ed9e0000 r--p 0000c000 08:01 5129470                    /usr/lib/jvm/java-8-openjdk/jre/lib/amd64/libverify.so
7f26ed9e0000-7f26ed9e1000 rw-p 0000e000 08:01 5129470                    /usr/lib/jvm/java-8-openjdk/jre/lib/amd64/libverify.so
7f26ed9e1000-7f26ed9e8000 r-xp 00000000 08:01 4982281                    /usr/lib/librt-2.26.so
7f26ed9e8000-7f26edbe7000 ---p 00007000 08:01 4982281                    /usr/lib/librt-2.26.so
7f26edbe7000-7f26edbe8000 r--p 00006000 08:01 4982281                    /usr/lib/librt-2.26.so
7f26edbe8000-7f26edbe9000 rw-p 00007000 08:01 4982281                    /usr/lib/librt-2.26.so
7f26edbe9000-7f26edd34000 r-xp 00000000 08:01 4982373                    /usr/lib/libm-2.26.so
7f26edd34000-7f26edf33000 ---p 0014b000 08:01 4982373                    /usr/lib/libm-2.26.so
7f26edf33000-7f26edf34000 r--p 0014a000 08:01 4982373                    /usr/lib/libm-2.26.so
7f26edf34000-7f26edf35000 rw-p 0014b000 08:01 4982373                    /usr/lib/libm-2.26.so
7f26edf35000-7f26eebd8000 r-xp 00000000 08:01 5129499                    /usr/lib/jvm/java-8-openjdk/jre/lib/amd64/server/libjvm.so
7f26eebd8000-7f26eedd8000 ---p 00ca3000 08:01 5129499                    /usr/lib/jvm/java-8-openjdk/jre/lib/amd64/server/libjvm.so
7f26eedd8000-7f26eee6c000 r--p 00ca3000 08:01 5129499                    /usr/lib/jvm/java-8-openjdk/jre/lib/amd64/server/libjvm.so
7f26eee6c000-7f26eee94000 rw-p 00d37000 08:01 5129499                    /usr/lib/jvm/java-8-openjdk/jre/lib/amd64/server/libjvm.so
7f26eee94000-7f26eeec5000 rw-p 00000000 00:00 0 
7f26eeec5000-7f26ef073000 r-xp 00000000 08:01 4982778                    /usr/lib/libc-2.26.so
7f26ef073000-7f26ef273000 ---p 001ae000 08:01 4982778                    /usr/lib/libc-2.26.so
7f26ef273000-7f26ef277000 r--p 001ae000 08:01 4982778                    /usr/lib/libc-2.26.so
7f26ef277000-7f26ef279000 rw-p 001b2000 08:01 4982778                    /usr/lib/libc-2.26.so
7f26ef279000-7f26ef27d000 rw-p 00000000 00:00 0 
7f26ef27d000-7f26ef280000 r-xp 00000000 08:01 4982382                    /usr/lib/libdl-2.26.so
7f26ef280000-7f26ef47f000 ---p 00003000 08:01 4982382                    /usr/lib/libdl-2.26.so
7f26ef47f000-7f26ef480000 r--p 00002000 08:01 4982382                    /usr/lib/libdl-2.26.so
7f26ef480000-7f26ef481000 rw-p 00003000 08:01 4982382                    /usr/lib/libdl-2.26.so
7f26ef481000-7f26ef48f000 r-xp 00000000 08:01 5129502                    /usr/lib/jvm/java-8-openjdk/jre/lib/amd64/jli/libjli.so
7f26ef48f000-7f26ef68e000 ---p 0000e000 08:01 5129502                    /usr/lib/jvm/java-8-openjdk/jre/lib/amd64/jli/libjli.so
7f26ef68e000-7f26ef68f000 r--p 0000d000 08:01 5129502                    /usr/lib/jvm/java-8-openjdk/jre/lib/amd64/jli/libjli.so
7f26ef68f000-7f26ef690000 rw-p 0000e000 08:01 5129502                    /usr/lib/jvm/java-8-openjdk/jre/lib/amd64/jli/libjli.so
7f26ef690000-7f26ef6a6000 r-xp 00000000 08:01 4984772                    /usr/lib/libz.so.1.2.11
7f26ef6a6000-7f26ef8a5000 ---p 00016000 08:01 4984772                    /usr/lib/libz.so.1.2.11
7f26ef8a5000-7f26ef8a6000 r--p 00015000 08:01 4984772                    /usr/lib/libz.so.1.2.11
7f26ef8a6000-7f26ef8a7000 rw-p 00016000 08:01 4984772                    /usr/lib/libz.so.1.2.11
7f26ef8a7000-7f26ef8c0000 r-xp 00000000 08:01 4982924                    /usr/lib/libpthread-2.26.so
7f26ef8c0000-7f26efabf000 ---p 00019000 08:01 4982924                    /usr/lib/libpthread-2.26.so
7f26efabf000-7f26efac0000 r--p 00018000 08:01 4982924                    /usr/lib/libpthread-2.26.so
7f26efac0000-7f26efac1000 rw-p 00019000 08:01 4982924                    /usr/lib/libpthread-2.26.so
7f26efac1000-7f26efac5000 rw-p 00000000 00:00 0 
7f26efac5000-7f26efaea000 r-xp 00000000 08:01 4982779                    /usr/lib/ld-2.26.so
7f26efaea000-7f26efaeb000 r--s 00000000 08:01 6447750                    /home/j3s/.m2/repository/javax/inject/javax.inject/1/javax.inject-1.jar
7f26efaeb000-7f26efaec000 r--s 00004000 08:01 6448939                    /home/j3s/.m2/repository/org/springframework/security/spring-security-rsa/1.0.3.RELEASE/spring-security-rsa-1.0.3.RELEASE.jar
7f26efaec000-7f26efaf1000 r--s 0001a000 08:01 6448941                    /home/j3s/.m2/repository/org/springframework/cloud/spring-cloud-commons/1.3.0.RELEASE/spring-cloud-commons-1.3.0.RELEASE.jar
7f26efaf1000-7f26efaf4000 r--s 00015000 08:01 6448940                    /home/j3s/.m2/repository/org/springframework/cloud/spring-cloud-context/1.3.0.RELEASE/spring-cloud-context-1.3.0.RELEASE.jar
7f26efaf4000-7f26efb98000 rw-p 00000000 00:00 0 
7f26efb98000-7f26efb9b000 ---p 00000000 00:00 0 
7f26efb9b000-7f26efc9b000 rw-p 00000000 00:00 0 
7f26efc9b000-7f26efc9d000 r--s 0000c000 08:01 6448938                    /home/j3s/.m2/repository/org/springframework/security/spring-security-crypto/4.2.3.RELEASE/spring-security-crypto-4.2.3.RELEASE.jar
7f26efc9d000-7f26efc9e000 r--s 00000000 08:01 6448935                    /home/j3s/.m2/repository/org/springframework/cloud/spring-cloud-starter/1.3.0.RELEASE/spring-cloud-starter-1.3.0.RELEASE.jar
7f26efc9e000-7f26efca0000 r--s 0000e000 08:01 6446794                    /home/j3s/.m2/repository/com/fasterxml/classmate/1.3.4/classmate-1.3.4.jar
7f26efca0000-7f26efca3000 r--s 0000e000 08:01 6446792                    /home/j3s/.m2/repository/org/jboss/logging/jboss-logging/3.3.1.Final/jboss-logging-3.3.1.Final.jar
7f26efca3000-7f26efca7000 r--s 0000c000 08:01 6446790                    /home/j3s/.m2/repository/javax/validation/validation-api/1.1.0.Final/validation-api-1.1.0.Final.jar
7f26efca7000-7f26efcac000 r--s 00038000 08:01 6446786                    /home/j3s/.m2/repository/org/apache/tomcat/embed/tomcat-embed-websocket/8.5.23/tomcat-embed-websocket-8.5.23.jar
7f26efcac000-7f26efcb0000 r--s 00037000 08:01 6446784                    /home/j3s/.m2/repository/org/apache/tomcat/embed/tomcat-embed-el/8.5.23/tomcat-embed-el-8.5.23.jar
7f26efcb0000-7f26efcb2000 r--s 00003000 08:01 6446782                    /home/j3s/.m2/repository/org/apache/tomcat/tomcat-annotations-api/8.5.23/tomcat-annotations-api-8.5.23.jar
7f26efcb2000-7f26efcb3000 r--s 00000000 08:01 6446778                    /home/j3s/.m2/repository/org/springframework/boot/spring-boot-starter-tomcat/1.5.9.RELEASE/spring-boot-starter-tomcat-1.5.9.RELEASE.jar
7f26efcb3000-7f26efcb4000 r--s 00000000 08:01 6446760                    /home/j3s/.m2/repository/org/springframework/boot/spring-boot-starter-web/1.5.9.RELEASE/spring-boot-starter-web-1.5.9.RELEASE.jar
7f26efcb4000-7f26efcb5000 r--s 00000000 08:01 6450633                    /home/j3s/.m2/repository/org/springframework/cloud/spring-cloud-starter-netflix-eureka-client/1.4.0.RELEASE/spring-cloud-starter-netflix-eureka-client-1.4.0.RELEASE.jar
7f26efcb5000-7f26efcb6000 r--s 00000000 08:01 6450632                    /home/j3s/.m2/repository/org/springframework/cloud/spring-cloud-starter-eureka/1.4.0.RELEASE/spring-cloud-starter-eureka-1.4.0.RELEASE.jar
7f26efcb6000-7f26efcdd000 rw-p 00000000 00:00 0 
7f26efcdd000-7f26efce5000 rw-s 00000000 00:27 42                         /tmp/hsperfdata_j3s/18647
7f26efce5000-7f26efce6000 rw-p 00000000 00:00 0 
7f26efce6000-7f26efce7000 ---p 00000000 00:00 0 
7f26efce7000-7f26efce9000 rw-p 00000000 00:00 0 
7f26efce9000-7f26efcea000 r--p 00024000 08:01 4982779                    /usr/lib/ld-2.26.so
7f26efcea000-7f26efceb000 rw-p 00025000 08:01 4982779                    /usr/lib/ld-2.26.so
7f26efceb000-7f26efcec000 rw-p 00000000 00:00 0 
7ffe5b6e7000-7ffe5b70a000 rw-p 00000000 00:00 0                          [stack]
7ffe5b791000-7ffe5b793000 r--p 00000000 00:00 0                          [vvar]
7ffe5b793000-7ffe5b795000 r-xp 00000000 00:00 0                          [vdso]
ffffffffff600000-ffffffffff601000 r-xp 00000000 00:00 0                  [vsyscall]

VM Arguments:
java_command: com.microservices.news.ServiceNewsApp
java_class_path (initial): /home/j3s/Repository/distribuidos/No borrar Primera version/ServiceNews/target/classes:/home/j3s/.m2/repository/org/springframework/cloud/spring-cloud-starter-eureka/1.4.0.RELEASE/spring-cloud-starter-eureka-1.4.0.RELEASE.jar:/home/j3s/.m2/repository/org/springframework/cloud/spring-cloud-starter-netflix-eureka-client/1.4.0.RELEASE/spring-cloud-starter-netflix-eureka-client-1.4.0.RELEASE.jar:/home/j3s/.m2/repository/org/springframework/boot/spring-boot-starter-web/1.5.9.RELEASE/spring-boot-starter-web-1.5.9.RELEASE.jar:/home/j3s/.m2/repository/org/springframework/boot/spring-boot-starter-tomcat/1.5.9.RELEASE/spring-boot-starter-tomcat-1.5.9.RELEASE.jar:/home/j3s/.m2/repository/org/apache/tomcat/embed/tomcat-embed-core/8.5.23/tomcat-embed-core-8.5.23.jar:/home/j3s/.m2/repository/org/apache/tomcat/tomcat-annotations-api/8.5.23/tomcat-annotations-api-8.5.23.jar:/home/j3s/.m2/repository/org/apache/tomcat/embed/tomcat-embed-el/8.5.23/tomcat-embed-el-8.5.23.jar:/home/j3s/.m2/repository/org/apache/tomcat/embed/tomcat-embed-websocket/8.5.23/tomcat-embed-websocket-8.5.23.jar:/home/j3s/.m2/repository/org/hibernate/hibernate-validator/5.3.6.Final/hibernate-validator-5.3.6.Final.jar:/home/j3s/.m2/repository/javax/validation/validation-api/1.1.0.Final/validation-api-1.1.0.Final.jar:/home/j3s/.m2/repository/org/jboss/logging/jboss-logging/3.3.1.Final/jboss-logging-3.3.1.Final.jar:/home/j3s/.m2/repository/com/fasterxml/classmate/1.3.4/classmate-1.3.4.jar:/home/j3s/.m2/repository/com/fasterxml/jackson/core/jackson-databind/2.8.10/jackson-databind-2.8.10.jar:/home/j3s/.m2/repository/org/springframework/spring-web/4.3.13.RELEASE/spring-web-4.3.13.RELEASE.jar:/home/j3s/.m2/repository/org/springframework/spring-webmvc/4.3.13.RELEASE/spring-webmvc-4.3.13.RELEASE.jar:/home/j3s/.m2/repository/org/springframework/cloud/spring-cloud-starter/1.3.0.RELEASE/spring-cloud-starter-1.3.0.RELEASE.jar:/home/j3s/.m2/repository/org/springframework/cloud/spring-cloud-contex
Launcher Type: SUN_STANDARD

Environment Variables:
JAVA_HOME=/usr/lib/jvm/default
PATH=/usr/local/sbin:/usr/local/bin:/usr/bin:/usr/lib/jvm/default/bin:/usr/bin/site_perl:/usr/bin/vendor_perl:/usr/bin/core_perl
LD_LIBRARY_PATH=/usr/lib/jvm/default/bin/../jre/lib/amd64:/usr/lib/jvm/default/bin/../jre/lib/i386:
SHELL=/bin/bash
DISPLAY=:0

Signal Handlers:
SIGSEGV: [libjvm.so+0xaa46c0], sa_mask[0]=11111111011111111101111111111110, sa_flags=SA_RESTART|SA_SIGINFO
SIGBUS: [libjvm.so+0xaa46c0], sa_mask[0]=11111111011111111101111111111110, sa_flags=SA_RESTART|SA_SIGINFO
SIGFPE: [libjvm.so+0x8dc3d0], sa_mask[0]=11111111011111111101111111111110, sa_flags=SA_RESTART|SA_SIGINFO
SIGPIPE: [libjvm.so+0x8dc3d0], sa_mask[0]=11111111011111111101111111111110, sa_flags=SA_RESTART|SA_SIGINFO
SIGXFSZ: [libjvm.so+0x8dc3d0], sa_mask[0]=11111111011111111101111111111110, sa_flags=SA_RESTART|SA_SIGINFO
SIGILL: [libjvm.so+0x8dc3d0], sa_mask[0]=11111111011111111101111111111110, sa_flags=SA_RESTART|SA_SIGINFO
SIGUSR1: SIG_DFL, sa_mask[0]=00000000000000000000000000000000, sa_flags=none
SIGUSR2: [libjvm.so+0x8dc280], sa_mask[0]=00100000000000000000000000000000, sa_flags=SA_RESTART|SA_SIGINFO
SIGHUP: [libjvm.so+0x8dc730], sa_mask[0]=11111111011111111101111111111110, sa_flags=SA_RESTART|SA_SIGINFO
SIGINT: SIG_IGN, sa_mask[0]=00000000000000000000000000000000, sa_flags=none
SIGTERM: [libjvm.so+0x8dc730], sa_mask[0]=11111111011111111101111111111110, sa_flags=SA_RESTART|SA_SIGINFO
SIGQUIT: [libjvm.so+0x8dc730], sa_mask[0]=11111111011111111101111111111110, sa_flags=SA_RESTART|SA_SIGINFO


---------------  S Y S T E M  ---------------

OS:DISTRIB_ID=ManjaroLinux
DISTRIB_RELEASE=17.1.1
DISTRIB_CODENAME=Hakoila
DISTRIB_DESCRIPTION="Manjaro Linux"

uname:Linux 4.9.74-2-MANJARO #1 SMP PREEMPT Thu Jan 4 03:30:34 UTC 2018 x86_64
libc:glibc 2.26 NPTL 2.26 
rlimit: STACK 8192k, CORE infinity, NPROC 31559, NOFILE 4096, AS infinity
load average:2.86 1.33 0.81

/proc/meminfo:
MemTotal:        8090984 kB
MemFree:          126996 kB
MemAvailable:      59552 kB
Buffers:            2576 kB
Cached:           421084 kB
SwapCached:            0 kB
Active:          7327232 kB
Inactive:         358656 kB
Active(anon):    7279672 kB
Inactive(anon):   321848 kB
Active(file):      47560 kB
Inactive(file):    36808 kB
Unevictable:        2420 kB
Mlocked:            2420 kB
SwapTotal:             0 kB
SwapFree:              0 kB
Dirty:               892 kB
Writeback:             0 kB
AnonPages:       7264860 kB
Mapped:           290120 kB
Shmem:            337124 kB
Slab:             116100 kB
SReclaimable:      50668 kB
SUnreclaim:        65432 kB
KernelStack:       17488 kB
PageTables:        62872 kB
NFS_Unstable:          0 kB
Bounce:                0 kB
WritebackTmp:          0 kB
CommitLimit:     4045492 kB
Committed_AS:   15804680 kB
VmallocTotal:   34359738367 kB
VmallocUsed:           0 kB
VmallocChunk:          0 kB
HardwareCorrupted:     0 kB
AnonHugePages:   1087488 kB
ShmemHugePages:        0 kB
ShmemPmdMapped:        0 kB
HugePages_Total:       0
HugePages_Free:        0
HugePages_Rsvd:        0
HugePages_Surp:        0
Hugepagesize:       2048 kB
DirectMap4k:      222292 kB
DirectMap2M:     7028736 kB
DirectMap1G:     2097152 kB


CPU:total 4 (initial active 4) (2 cores per cpu, 2 threads per core) family 6 model 69 stepping 1, cmov, cx8, fxsr, mmx, sse, sse2, sse3, ssse3, sse4.1, sse4.2, popcnt, avx, avx2, aes, clmul, erms, lzcnt, ht, tsc, tscinvbit, bmi1, bmi2

/proc/cpuinfo:
processor	: 0
vendor_id	: GenuineIntel
cpu family	: 6
model		: 69
model name	: Intel(R) Core(TM) i3-4005U CPU @ 1.70GHz
stepping	: 1
microcode	: 0x20
cpu MHz		: 1699.896
cache size	: 3072 KB
physical id	: 0
siblings	: 4
core id		: 0
cpu cores	: 2
apicid		: 0
initial apicid	: 0
fpu		: yes
fpu_exception	: yes
cpuid level	: 13
wp		: yes
flags		: fpu vme de pse tsc msr pae mce cx8 apic sep mtrr pge mca cmov pat pse36 clflush dts acpi mmx fxsr sse sse2 ss ht tm pbe syscall nx pdpe1gb rdtscp lm constant_tsc arch_perfmon pebs bts rep_good nopl xtopology nonstop_tsc aperfmperf eagerfpu pni pclmulqdq dtes64 monitor ds_cpl vmx est tm2 ssse3 sdbg fma cx16 xtpr pdcm pcid sse4_1 sse4_2 movbe popcnt tsc_deadline_timer aes xsave avx f16c rdrand lahf_lm abm epb invpcid_single kaiser tpr_shadow vnmi flexpriority ept vpid fsgsbase tsc_adjust bmi1 avx2 smep bmi2 erms invpcid xsaveopt dtherm ida arat pln pts
bugs		:
bogomips	: 3393.42
clflush size	: 64
cache_alignment	: 64
address sizes	: 39 bits physical, 48 bits virtual
power management:

processor	: 1
vendor_id	: GenuineIntel
cpu family	: 6
model		: 69
model name	: Intel(R) Core(TM) i3-4005U CPU @ 1.70GHz
stepping	: 1
microcode	: 0x20
cpu MHz		: 1699.896
cache size	: 3072 KB
physical id	: 0
siblings	: 4
core id		: 1
cpu cores	: 2
apicid		: 2
initial apicid	: 2
fpu		: yes
fpu_exception	: yes
cpuid level	: 13
wp		: yes
flags		: fpu vme de pse tsc msr pae mce cx8 apic sep mtrr pge mca cmov pat pse36 clflush dts acpi mmx fxsr sse sse2 ss ht tm pbe syscall nx pdpe1gb rdtscp lm constant_tsc arch_perfmon pebs bts rep_good nopl xtopology nonstop_tsc aperfmperf eagerfpu pni pclmulqdq dtes64 monitor ds_cpl vmx est tm2 ssse3 sdbg fma cx16 xtpr pdcm pcid sse4_1 sse4_2 movbe popcnt tsc_deadline_timer aes xsave avx f16c rdrand lahf_lm abm epb invpcid_single kaiser tpr_shadow vnmi flexpriority ept vpid fsgsbase tsc_adjust bmi1 avx2 smep bmi2 erms invpcid xsaveopt dtherm ida arat pln pts
bugs		:
bogomips	: 3393.42
clflush size	: 64
cache_alignment	: 64
address sizes	: 39 bits physical, 48 bits virtual
power management:

processor	: 2
vendor_id	: GenuineIntel
cpu family	: 6
model		: 69
model name	: Intel(R) Core(TM) i3-4005U CPU @ 1.70GHz
stepping	: 1
microcode	: 0x20
cpu MHz		: 1700.000
cache size	: 3072 KB
physical id	: 0
siblings	: 4
core id		: 0
cpu cores	: 2
apicid		: 1
initial apicid	: 1
fpu		: yes
fpu_exception	: yes
cpuid level	: 13
wp		: yes
flags		: fpu vme de pse tsc msr pae mce cx8 apic sep mtrr pge mca cmov pat pse36 clflush dts acpi mmx fxsr sse sse2 ss ht tm pbe syscall nx pdpe1gb rdtscp lm constant_tsc arch_perfmon pebs bts rep_good nopl xtopology nonstop_tsc aperfmperf eagerfpu pni pclmulqdq dtes64 monitor ds_cpl vmx est tm2 ssse3 sdbg fma cx16 xtpr pdcm pcid sse4_1 sse4_2 movbe popcnt tsc_deadline_timer aes xsave avx f16c rdrand lahf_lm abm epb invpcid_single kaiser tpr_shadow vnmi flexpriority ept vpid fsgsbase tsc_adjust bmi1 avx2 smep bmi2 erms invpcid xsaveopt dtherm ida arat pln pts
bugs		:
bogomips	: 3393.42
clflush size	: 64
cache_alignment	: 64
address sizes	: 39 bits physical, 48 bits virtual
power management:

processor	: 3
vendor_id	: GenuineIntel
cpu family	: 6
model		: 69
model name	: Intel(R) Core(TM) i3-4005U CPU @ 1.70GHz
stepping	: 1
microcode	: 0x20
cpu MHz		: 1699.896
cache size	: 3072 KB
physical id	: 0
siblings	: 4
core id		: 1
cpu cores	: 2
apicid		: 3
initial apicid	: 3
fpu		: yes
fpu_exception	: yes
cpuid level	: 13
wp		: yes
flags		: fpu vme de pse tsc msr pae mce cx8 apic sep mtrr pge mca cmov pat pse36 clflush dts acpi mmx fxsr sse sse2 ss ht tm pbe syscall nx pdpe1gb rdtscp lm constant_tsc arch_perfmon pebs bts rep_good nopl xtopology nonstop_tsc aperfmperf eagerfpu pni pclmulqdq dtes64 monitor ds_cpl vmx est tm2 ssse3 sdbg fma cx16 xtpr pdcm pcid sse4_1 sse4_2 movbe popcnt tsc_deadline_timer aes xsave avx f16c rdrand lahf_lm abm epb invpcid_single kaiser tpr_shadow vnmi flexpriority ept vpid fsgsbase tsc_adjust bmi1 avx2 smep bmi2 erms invpcid xsaveopt dtherm ida arat pln pts
bugs		:
bogomips	: 3393.42
clflush size	: 64
cache_alignment	: 64
address sizes	: 39 bits physical, 48 bits virtual
power management:



Memory: 4k page, physical 8090984k(127340k free), swap 0k(0k free)

vm_info: OpenJDK 64-Bit Server VM (25.144-b01) for linux-amd64 JRE (1.8.0_144-b01), built on Jul 28 2017 20:07:18 by "builduser" with gcc 7.1.1 20170630

time: Mon Jan  8 22:42:35 2018
elapsed time: 57 seconds (0d 0h 0m 57s)

